WARNING: All log messages before absl::InitializeLog() is called are written to STDERR
I0000 00:00:1774514747.172080   67806 cudart_stub.cc:31] Could not find cuda drivers on your machine, GPU will not be used.
I0000 00:00:1774514747.227876   67806 cpu_feature_guard.cc:227] This TensorFlow binary is optimized to use available CPU instructions in performance-critical operations.
To enable the following instructions: AVX2 FMA, in other operations, rebuild TensorFlow with the appropriate compiler flags.
WARNING: All log messages before absl::InitializeLog() is called are written to STDERR
I0000 00:00:1774514749.246897   67806 cudart_stub.cc:31] Could not find cuda drivers on your machine, GPU will not be used.
E0000 00:00:1774514750.392512   67806 cuda_platform.cc:52] failed call to cuInit: INTERNAL: CUDA error: Failed call to cuInit: UNKNOWN ERROR (303)
找到 5 个CSV文件
============================================================
股票价格预测 - 完整流程
============================================================

[步骤 1] 加载数据...
✓ 已加载: 2318.HK (1967 条数据)
✓ 已加载: 3690.HK (1967 条数据)
✓ 已加载: 0288.HK (1967 条数据)
✓ 已加载: 0002.HK (1967 条数据)
✓ 已加载: 0005.HK (1967 条数据)

数据概况:
  2318.HK: 1967 行 | 日期范围: 2017/10/27 ~ 2025/9/9
  3690.HK: 1967 行 | 日期范围: 2017/10/27 ~ 2025/9/9
  0288.HK: 1967 行 | 日期范围: 2017/10/27 ~ 2025/9/9
  0002.HK: 1967 行 | 日期范围: 2017/10/27 ~ 2025/9/9
  0005.HK: 1967 行 | 日期范围: 2017/10/27 ~ 2025/9/9

[步骤 2] 预处理数据...
  2318.HK 预处理后: 1967 条数据
  3690.HK 预处理后: 1745 条数据
  0288.HK 预处理后: 1967 条数据
  0002.HK 预处理后: 1967 条数据
  0005.HK 预处理后: 1967 条数据

[步骤 3] 训练模型和评估...

--- 处理股票: 2318.HK ---
  正在评估特征组合...
    最佳特征组合: Close+Open (RMSE: 1.099308)
    前3个特征组合:
      1. Close+Open: 1.099308
      2. Close+Open+20-day MA: 1.100668
      3. Close+Open+10-day MA: 1.107084
  使用变量: Close+Open
  特征评估RMSE: 1.099308
  训练集: 1579 条数据 | 时间范围: 2017-10-27T00:00:00.000000 ~ 2024-03-18T00:00:00.000000
  预测集: 388 条数据 | 时间范围: 2024-03-19T00:00:00.000000 ~ 2025-10-24T00:00:00.000000

==================================================
1. 训练线性回归模型...
==================================================

线性回归 模型评估结果:
  MSE:  1.262684
  RMSE: 1.123692
  MAE:  0.742325
  MAPE: 0.0168

==================================================
2. 训练决策树模型...
==================================================

决策树 模型评估结果:
  MSE:  1.564601
  RMSE: 1.250840
  MAE:  0.881440
  MAPE: 0.0202

==================================================
3. 训练LSTM模型...
==================================================

LSTM 模型评估结果:
  MSE:  2.963976
  RMSE: 1.721620
  MAE:  1.187293
  MAPE: 0.0265

==================================================
模型比较结果
==================================================
                        MSE      RMSE       MAE      MAPE
Linear Regression  1.262684  1.123692  0.742325  0.016841
Decision Tree      1.564601  1.250840  0.881440  0.020225
LSTM               2.963976  1.721620  1.187293  0.026528

✓ 最佳模型: Linear Regression (RMSE: 1.123692)
✓ 2318.HK 完成

--- 处理股票: 3690.HK ---
  正在评估特征组合...
    最佳特征组合: Close+High (RMSE: 5.200819)
    前3个特征组合:
      1. Close+High: 5.200819
      2. Close: 5.286982
      3. Close+High+10-day MA: 5.399982
  使用变量: Close+High
  特征评估RMSE: 5.200819
  训练集: 1402 条数据 | 时间范围: 2018-09-20T00:00:00.000000 ~ 2024-05-27T00:00:00.000000
  预测集: 343 条数据 | 时间范围: 2024-05-28T00:00:00.000000 ~ 2025-10-24T00:00:00.000000

==================================================
1. 训练线性回归模型...
==================================================

线性回归 模型评估结果:
  MSE:  29.893100
  RMSE: 5.467458
  MAE:  3.774675
  MAPE: 0.0259

==================================================
2. 训练决策树模型...
==================================================

决策树 模型评估结果:
  MSE:  39.515411
  RMSE: 6.286128
  MAE:  4.397195
  MAPE: 0.0306

==================================================
3. 训练LSTM模型...
==================================================

LSTM 模型评估结果:
  MSE:  38.509203
  RMSE: 6.205578
  MAE:  4.143542
  MAPE: 0.0283

==================================================
模型比较结果
==================================================
                         MSE      RMSE       MAE      MAPE
Linear Regression  29.893100  5.467458  3.774675  0.025864
Decision Tree      39.515411  6.286128  4.397195  0.030559
LSTM               38.509203  6.205578  4.143542  0.028335

✓ 最佳模型: Linear Regression (RMSE: 5.467458)
✓ 3690.HK 完成

--- 处理股票: 0288.HK ---
  正在评估特征组合...
    最佳特征组合: Close (RMSE: 0.104917)
    前3个特征组合:
      1. Close: 0.104917
      2. Close+20-day MA: 0.105275
      3. Close+10-day MA: 0.105475
  使用变量: Close
  特征评估RMSE: 0.104917
  训练集: 1573 条数据 | 时间范围: 2017-10-27T00:00:00.000000 ~ 2024-03-18T00:00:00.000000
  预测集: 394 条数据 | 时间范围: 2024-03-19T00:00:00.000000 ~ 2025-10-24T00:00:00.000000

==================================================
1. 训练线性回归模型...
==================================================

线性回归 模型评估结果:
  MSE:  0.011170
  RMSE: 0.105687
  MAE:  0.079230
  MAPE: 0.0136

==================================================
2. 训练决策树模型...
==================================================

决策树 模型评估结果:
  MSE:  0.769708
  RMSE: 0.877330
  MAE:  0.521572
  MAPE: 0.0722

==================================================
3. 训练LSTM模型...
==================================================

LSTM 模型评估结果:
  MSE:  0.071984
  RMSE: 0.268298
  MAE:  0.225226
  MAPE: 0.0360

==================================================
模型比较结果
==================================================
                        MSE      RMSE       MAE      MAPE
Linear Regression  0.011170  0.105687  0.079230  0.013604
Decision Tree      0.769708  0.877330  0.521572  0.072165
LSTM               0.071984  0.268298  0.225226  0.035961

✓ 最佳模型: Linear Regression (RMSE: 0.105687)
✓ 0288.HK 完成

--- 处理股票: 0002.HK ---
  正在评估特征组合...
    最佳特征组合: Close (RMSE: 0.545812)
    前3个特征组合:
      1. Close: 0.545812
      2. Close+High: 0.546089
      3. Close+10-day MA: 0.547505
  使用变量: Close
  特征评估RMSE: 0.545812
  训练集: 1573 条数据 | 时间范围: 2017-10-27T00:00:00.000000 ~ 2024-03-18T00:00:00.000000
  预测集: 394 条数据 | 时间范围: 2024-03-19T00:00:00.000000 ~ 2025-10-24T00:00:00.000000

==================================================
1. 训练线性回归模型...
==================================================

线性回归 模型评估结果:
  MSE:  0.293361
  RMSE: 0.541628
  MAE:  0.393955
  MAPE: 0.0062

==================================================
2. 训练决策树模型...
==================================================

决策树 模型评估结果:
  MSE:  0.358026
  RMSE: 0.598353
  MAE:  0.459048
  MAPE: 0.0073

==================================================
3. 训练LSTM模型...
==================================================

LSTM 模型评估结果:
  MSE:  2.241790
  RMSE: 1.497261
  MAE:  1.397455
  MAPE: 0.0218

==================================================
模型比较结果
==================================================
                        MSE      RMSE       MAE      MAPE
Linear Regression  0.293361  0.541628  0.393955  0.006236
Decision Tree      0.358026  0.598353  0.459048  0.007257
LSTM               2.241790  1.497261  1.397455  0.021797

✓ 最佳模型: Linear Regression (RMSE: 0.541628)
✓ 0002.HK 完成

--- 处理股票: 0005.HK ---
  正在评估特征组合...
    最佳特征组合: Close+High (RMSE: 1.158999)
    前3个特征组合:
      1. Close+High: 1.158999
      2. Close: 1.161373
      3. Close+High+10-day MA: 1.168735
  使用变量: Close+High
  特征评估RMSE: 1.158999
  训练集: 1579 条数据 | 时间范围: 2017-10-27T00:00:00.000000 ~ 2024-03-18T00:00:00.000000
  预测集: 388 条数据 | 时间范围: 2024-03-19T00:00:00.000000 ~ 2025-10-24T00:00:00.000000

==================================================
1. 训练线性回归模型...
==================================================

线性回归 模型评估结果:
  MSE:  1.414324
  RMSE: 1.189253
  MAE:  0.713647
  MAPE: 0.0090

==================================================
2. 训练决策树模型...
==================================================

决策树 模型评估结果:
  MSE:  757.021395
  RMSE: 27.514022
  MAE:  22.954611
  MAPE: 0.2638

==================================================
3. 训练LSTM模型...
==================================================

LSTM 模型评估结果:
  MSE:  54.547103
  RMSE: 7.385601
  MAE:  6.771351
  MAPE: 0.0819

==================================================
模型比较结果
==================================================
                          MSE       RMSE        MAE      MAPE
Linear Regression    1.414324   1.189253   0.713647  0.008954
Decision Tree      757.021395  27.514022  22.954611  0.263842
LSTM                54.547103   7.385601   6.771351  0.081923

✓ 最佳模型: Linear Regression (RMSE: 1.189253)
✓ 0005.HK 完成

[步骤 4] 生成对比表...
  模型对比表已保存: model_comparison.csv

模型整体性能排名 (按RMSE):
  Stock             Model        MSE      RMSE       MAE     MAPE
0288.HK Linear Regression   0.011170  0.105687  0.079230 0.013604
0288.HK              LSTM   0.071984  0.268298  0.225226 0.035961
0002.HK Linear Regression   0.293361  0.541628  0.393955 0.006236
0002.HK     Decision Tree   0.358026  0.598353  0.459048 0.007257
0288.HK     Decision Tree   0.769708  0.877330  0.521572 0.072165
2318.HK Linear Regression   1.262684  1.123692  0.742325 0.016841
0005.HK Linear Regression   1.414324  1.189253  0.713647 0.008954
2318.HK     Decision Tree   1.564601  1.250840  0.881440 0.020225
0002.HK              LSTM   2.241790  1.497261  1.397455 0.021797
2318.HK              LSTM   2.963976  1.721620  1.187293 0.026528
3690.HK Linear Regression  29.893100  5.467458  3.774675 0.025864
3690.HK              LSTM  38.509203  6.205578  4.143542 0.028335
3690.HK     Decision Tree  39.515411  6.286128  4.397195 0.030559
0005.HK              LSTM  54.547103  7.385601  6.771351 0.081923
0005.HK     Decision Tree 757.021395 27.514022 22.954611 0.263842

[步骤 5] 保存预测结果...
  2318.HK 预测结果已保存
  3690.HK 预测结果已保存
  0288.HK 预测结果已保存
  0002.HK 预测结果已保存
  0005.HK 预测结果已保存

[步骤 6] 生成可视化...
  2318.HK 对比图已保存 (使用日期x轴)
  3690.HK 对比图已保存 (使用日期x轴)
  0288.HK 对比图已保存 (使用日期x轴)
  0002.HK 对比图已保存 (使用日期x轴)
  0005.HK 对比图已保存 (使用日期x轴)
  全局对比图已保存: model_performance_comparison.png

============================================================
✓ 流程完成！
✓ 结果已保存到: /workspaces/Neo-page/advanced DA project/results
============================================================
